2022-10-03 18:41:12.786 INFO [main] [com.sgtesting.actitime.stepdefinitions.ForLoopDemo.showNumbers(ForLoopDemo.java:10)] - For Loop has started here !!!
2022-10-03 18:41:12.790 INFO [main] [com.sgtesting.actitime.stepdefinitions.ForLoopDemo.showNumbers(ForLoopDemo.java:13)] - The Generated Number is :20
2022-10-03 18:41:12.790 INFO [main] [com.sgtesting.actitime.stepdefinitions.ForLoopDemo.showNumbers(ForLoopDemo.java:13)] - The Generated Number is :21
2022-10-03 18:41:12.790 INFO [main] [com.sgtesting.actitime.stepdefinitions.ForLoopDemo.showNumbers(ForLoopDemo.java:13)] - The Generated Number is :22
2022-10-03 18:41:12.790 INFO [main] [com.sgtesting.actitime.stepdefinitions.ForLoopDemo.showNumbers(ForLoopDemo.java:13)] - The Generated Number is :23
2022-10-03 18:41:12.791 INFO [main] [com.sgtesting.actitime.stepdefinitions.ForLoopDemo.showNumbers(ForLoopDemo.java:13)] - The Generated Number is :24
2022-10-03 18:41:12.791 INFO [main] [com.sgtesting.actitime.stepdefinitions.ForLoopDemo.showNumbers(ForLoopDemo.java:13)] - The Generated Number is :25
2022-10-03 18:41:12.791 INFO [main] [com.sgtesting.actitime.stepdefinitions.ForLoopDemo.showNumbers(ForLoopDemo.java:13)] - The Generated Number is :26
2022-10-03 18:41:12.791 INFO [main] [com.sgtesting.actitime.stepdefinitions.ForLoopDemo.showNumbers(ForLoopDemo.java:13)] - The Generated Number is :27
2022-10-03 18:41:12.791 INFO [main] [com.sgtesting.actitime.stepdefinitions.ForLoopDemo.showNumbers(ForLoopDemo.java:13)] - The Generated Number is :28
2022-10-03 18:41:12.791 INFO [main] [com.sgtesting.actitime.stepdefinitions.ForLoopDemo.showNumbers(ForLoopDemo.java:13)] - The Generated Number is :29
2022-10-03 18:41:12.791 INFO [main] [com.sgtesting.actitime.stepdefinitions.ForLoopDemo.showNumbers(ForLoopDemo.java:13)] - The Generated Number is :30
2022-10-03 18:41:12.791 INFO [main] [com.sgtesting.actitime.stepdefinitions.ForLoopDemo.showNumbers(ForLoopDemo.java:13)] - The Generated Number is :31
2022-10-03 18:41:12.792 INFO [main] [com.sgtesting.actitime.stepdefinitions.ForLoopDemo.showNumbers(ForLoopDemo.java:13)] - The Generated Number is :32
2022-10-03 18:41:12.792 INFO [main] [com.sgtesting.actitime.stepdefinitions.ForLoopDemo.showNumbers(ForLoopDemo.java:13)] - The Generated Number is :33
2022-10-03 18:41:12.792 INFO [main] [com.sgtesting.actitime.stepdefinitions.ForLoopDemo.showNumbers(ForLoopDemo.java:13)] - The Generated Number is :34
2022-10-03 18:41:12.792 INFO [main] [com.sgtesting.actitime.stepdefinitions.ForLoopDemo.showNumbers(ForLoopDemo.java:13)] - The Generated Number is :35
2022-10-03 18:41:12.792 INFO [main] [com.sgtesting.actitime.stepdefinitions.ForLoopDemo.showNumbers(ForLoopDemo.java:13)] - The Generated Number is :36
2022-10-03 18:41:12.792 INFO [main] [com.sgtesting.actitime.stepdefinitions.ForLoopDemo.showNumbers(ForLoopDemo.java:13)] - The Generated Number is :37
2022-10-03 18:41:12.792 INFO [main] [com.sgtesting.actitime.stepdefinitions.ForLoopDemo.showNumbers(ForLoopDemo.java:13)] - The Generated Number is :38
2022-10-03 18:41:12.792 INFO [main] [com.sgtesting.actitime.stepdefinitions.ForLoopDemo.showNumbers(ForLoopDemo.java:13)] - The Generated Number is :39
2022-10-03 18:41:12.792 INFO [main] [com.sgtesting.actitime.stepdefinitions.ForLoopDemo.showNumbers(ForLoopDemo.java:13)] - The Generated Number is :40
2022-10-03 18:41:12.792 INFO [main] [com.sgtesting.actitime.stepdefinitions.ForLoopDemo.showNumbers(ForLoopDemo.java:15)] - For Loop has ended here !!!
2022-10-03 19:00:52.830 INFO [main] [com.sgtesting.actitime.stepdefinitions.ForLoopDemo.showNumbers(ForLoopDemo.java:10)] - For Loop has started here !!!
2022-10-03 19:00:52.833 INFO [main] [com.sgtesting.actitime.stepdefinitions.ForLoopDemo.showNumbers(ForLoopDemo.java:13)] - The Generated Number is :20
2022-10-03 19:00:52.833 INFO [main] [com.sgtesting.actitime.stepdefinitions.ForLoopDemo.showNumbers(ForLoopDemo.java:13)] - The Generated Number is :21
2022-10-03 19:00:52.833 INFO [main] [com.sgtesting.actitime.stepdefinitions.ForLoopDemo.showNumbers(ForLoopDemo.java:13)] - The Generated Number is :22
2022-10-03 19:00:52.833 INFO [main] [com.sgtesting.actitime.stepdefinitions.ForLoopDemo.showNumbers(ForLoopDemo.java:13)] - The Generated Number is :23
2022-10-03 19:00:52.833 INFO [main] [com.sgtesting.actitime.stepdefinitions.ForLoopDemo.showNumbers(ForLoopDemo.java:13)] - The Generated Number is :24
2022-10-03 19:00:52.833 INFO [main] [com.sgtesting.actitime.stepdefinitions.ForLoopDemo.showNumbers(ForLoopDemo.java:13)] - The Generated Number is :25
2022-10-03 19:00:52.833 INFO [main] [com.sgtesting.actitime.stepdefinitions.ForLoopDemo.showNumbers(ForLoopDemo.java:13)] - The Generated Number is :26
2022-10-03 19:00:52.834 INFO [main] [com.sgtesting.actitime.stepdefinitions.ForLoopDemo.showNumbers(ForLoopDemo.java:13)] - The Generated Number is :27
2022-10-03 19:00:52.834 INFO [main] [com.sgtesting.actitime.stepdefinitions.ForLoopDemo.showNumbers(ForLoopDemo.java:13)] - The Generated Number is :28
2022-10-03 19:00:52.834 INFO [main] [com.sgtesting.actitime.stepdefinitions.ForLoopDemo.showNumbers(ForLoopDemo.java:13)] - The Generated Number is :29
2022-10-03 19:00:52.834 INFO [main] [com.sgtesting.actitime.stepdefinitions.ForLoopDemo.showNumbers(ForLoopDemo.java:13)] - The Generated Number is :30
2022-10-03 19:00:52.834 INFO [main] [com.sgtesting.actitime.stepdefinitions.ForLoopDemo.showNumbers(ForLoopDemo.java:13)] - The Generated Number is :31
2022-10-03 19:00:52.834 INFO [main] [com.sgtesting.actitime.stepdefinitions.ForLoopDemo.showNumbers(ForLoopDemo.java:13)] - The Generated Number is :32
2022-10-03 19:00:52.834 INFO [main] [com.sgtesting.actitime.stepdefinitions.ForLoopDemo.showNumbers(ForLoopDemo.java:13)] - The Generated Number is :33
2022-10-03 19:00:52.834 INFO [main] [com.sgtesting.actitime.stepdefinitions.ForLoopDemo.showNumbers(ForLoopDemo.java:13)] - The Generated Number is :34
2022-10-03 19:00:52.834 INFO [main] [com.sgtesting.actitime.stepdefinitions.ForLoopDemo.showNumbers(ForLoopDemo.java:13)] - The Generated Number is :35
2022-10-03 19:00:52.834 INFO [main] [com.sgtesting.actitime.stepdefinitions.ForLoopDemo.showNumbers(ForLoopDemo.java:13)] - The Generated Number is :36
2022-10-03 19:00:52.834 INFO [main] [com.sgtesting.actitime.stepdefinitions.ForLoopDemo.showNumbers(ForLoopDemo.java:13)] - The Generated Number is :37
2022-10-03 19:00:52.835 INFO [main] [com.sgtesting.actitime.stepdefinitions.ForLoopDemo.showNumbers(ForLoopDemo.java:13)] - The Generated Number is :38
2022-10-03 19:00:52.835 INFO [main] [com.sgtesting.actitime.stepdefinitions.ForLoopDemo.showNumbers(ForLoopDemo.java:13)] - The Generated Number is :39
2022-10-03 19:00:52.835 INFO [main] [com.sgtesting.actitime.stepdefinitions.ForLoopDemo.showNumbers(ForLoopDemo.java:13)] - The Generated Number is :40
2022-10-03 19:00:52.835 INFO [main] [com.sgtesting.actitime.stepdefinitions.ForLoopDemo.showNumbers(ForLoopDemo.java:15)] - For Loop has ended here !!!
2022-10-03 19:37:24.739 DEBUG [main] [io.netty.util.internal.logging.InternalLoggerFactory.useLog4J2LoggerFactory(InternalLoggerFactory.java:76)] - Using Log4J2 as the default logging framework
2022-10-03 19:37:24.747 DEBUG [main] [io.netty.util.ResourceLeakDetector.<clinit>(ResourceLeakDetector.java:129)] - -Dio.netty.leakDetection.level: simple
2022-10-03 19:37:24.747 DEBUG [main] [io.netty.util.ResourceLeakDetector.<clinit>(ResourceLeakDetector.java:130)] - -Dio.netty.leakDetection.targetRecords: 4
2022-10-03 19:37:24.752 DEBUG [main] [io.netty.util.ResourceLeakDetectorFactory$DefaultResourceLeakDetectorFactory.newResourceLeakDetector(ResourceLeakDetectorFactory.java:196)] - Loaded default ResourceLeakDetector: io.netty.util.ResourceLeakDetector@bb9e6dc
2022-10-03 19:37:24.769 DEBUG [main] [io.netty.util.internal.PlatformDependent0.explicitNoUnsafeCause0(PlatformDependent0.java:495)] - -Dio.netty.noUnsafe: false
2022-10-03 19:37:24.769 DEBUG [main] [io.netty.util.internal.PlatformDependent0.javaVersion0(PlatformDependent0.java:998)] - Java version: 8
2022-10-03 19:37:24.770 DEBUG [main] [io.netty.util.internal.PlatformDependent0.<clinit>(PlatformDependent0.java:136)] - sun.misc.Unsafe.theUnsafe: available
2022-10-03 19:37:24.771 DEBUG [main] [io.netty.util.internal.PlatformDependent0.<clinit>(PlatformDependent0.java:160)] - sun.misc.Unsafe.copyMemory: available
2022-10-03 19:37:24.771 DEBUG [main] [io.netty.util.internal.PlatformDependent0.<clinit>(PlatformDependent0.java:192)] - sun.misc.Unsafe.storeFence: available
2022-10-03 19:37:24.771 DEBUG [main] [io.netty.util.internal.PlatformDependent0.<clinit>(PlatformDependent0.java:235)] - java.nio.Buffer.address: available
2022-10-03 19:37:24.772 DEBUG [main] [io.netty.util.internal.PlatformDependent0.<clinit>(PlatformDependent0.java:306)] - direct buffer constructor: available
2022-10-03 19:37:24.772 DEBUG [main] [io.netty.util.internal.PlatformDependent0.<clinit>(PlatformDependent0.java:384)] - java.nio.Bits.unaligned: available, true
2022-10-03 19:37:24.773 DEBUG [main] [io.netty.util.internal.PlatformDependent0.<clinit>(PlatformDependent0.java:458)] - jdk.internal.misc.Unsafe.allocateUninitializedArray(int): unavailable prior to Java9
2022-10-03 19:37:24.773 DEBUG [main] [io.netty.util.internal.PlatformDependent0.<clinit>(PlatformDependent0.java:481)] - java.nio.DirectByteBuffer.<init>(long, int): available
2022-10-03 19:37:24.773 DEBUG [main] [io.netty.util.internal.PlatformDependent.unsafeUnavailabilityCause0(PlatformDependent.java:1120)] - sun.misc.Unsafe: available
2022-10-03 19:37:24.774 DEBUG [main] [io.netty.util.internal.PlatformDependent.tmpdir0(PlatformDependent.java:1250)] - -Dio.netty.tmpdir: C:\Users\Admin\AppData\Local\Temp (java.io.tmpdir)
2022-10-03 19:37:24.774 DEBUG [main] [io.netty.util.internal.PlatformDependent.bitMode0(PlatformDependent.java:1329)] - -Dio.netty.bitMode: 64 (sun.arch.data.model)
2022-10-03 19:37:24.775 DEBUG [main] [io.netty.util.internal.PlatformDependent.isWindows0(PlatformDependent.java:1080)] - Platform: Windows
2022-10-03 19:37:24.776 DEBUG [main] [io.netty.util.internal.PlatformDependent.<clinit>(PlatformDependent.java:178)] - -Dio.netty.maxDirectMemory: 3808428032 bytes
2022-10-03 19:37:24.776 DEBUG [main] [io.netty.util.internal.PlatformDependent.<clinit>(PlatformDependent.java:185)] - -Dio.netty.uninitializedArrayAllocationThreshold: -1
2022-10-03 19:37:24.777 DEBUG [main] [io.netty.util.internal.CleanerJava6.<clinit>(CleanerJava6.java:92)] - java.nio.ByteBuffer.cleaner(): available
2022-10-03 19:37:24.777 DEBUG [main] [io.netty.util.internal.PlatformDependent.<clinit>(PlatformDependent.java:205)] - -Dio.netty.noPreferDirect: false
2022-10-03 19:37:24.784 DEBUG [main] [io.netty.util.internal.PlatformDependent$Mpsc.<clinit>(PlatformDependent.java:971)] - org.jctools-core.MpscChunkedArrayQueue: available
2022-10-03 19:37:24.803 DEBUG [main] [io.netty.util.internal.InternalThreadLocalMap.<clinit>(InternalThreadLocalMap.java:86)] - -Dio.netty.threadLocalMap.stringBuilder.initialSize: 1024
2022-10-03 19:37:24.803 DEBUG [main] [io.netty.util.internal.InternalThreadLocalMap.<clinit>(InternalThreadLocalMap.java:89)] - -Dio.netty.threadLocalMap.stringBuilder.maxSize: 4096
2022-10-03 19:37:25.062 DEBUG [main] [io.netty.handler.ssl.JdkSslContext.<clinit>(JdkSslContext.java:83)] - Default protocols (JDK): [TLSv1.2, TLSv1.1, TLSv1] 
2022-10-03 19:37:25.062 DEBUG [main] [io.netty.handler.ssl.JdkSslContext.<clinit>(JdkSslContext.java:84)] - Default cipher suites (JDK): [TLS_ECDHE_ECDSA_WITH_AES_256_GCM_SHA384, TLS_ECDHE_ECDSA_WITH_AES_128_GCM_SHA256, TLS_ECDHE_RSA_WITH_AES_128_GCM_SHA256, TLS_ECDHE_RSA_WITH_AES_256_GCM_SHA384, TLS_ECDHE_RSA_WITH_AES_128_CBC_SHA, TLS_ECDHE_RSA_WITH_AES_256_CBC_SHA, TLS_RSA_WITH_AES_128_GCM_SHA256, TLS_RSA_WITH_AES_128_CBC_SHA, TLS_RSA_WITH_AES_256_CBC_SHA]
2022-10-03 19:37:25.091 DEBUG [main] [io.netty.channel.MultithreadEventLoopGroup.<clinit>(MultithreadEventLoopGroup.java:44)] - -Dio.netty.eventLoopThreads: 8
2022-10-03 19:37:25.099 DEBUG [main] [io.netty.channel.nio.NioEventLoop.<clinit>(NioEventLoop.java:109)] - -Dio.netty.noKeySetOptimization: false
2022-10-03 19:37:25.099 DEBUG [main] [io.netty.channel.nio.NioEventLoop.<clinit>(NioEventLoop.java:110)] - -Dio.netty.selectorAutoRebuildThreshold: 512
2022-10-03 19:37:25.131 DEBUG [main] [io.netty.buffer.PooledByteBufAllocator.<clinit>(PooledByteBufAllocator.java:157)] - -Dio.netty.allocator.numHeapArenas: 8
2022-10-03 19:37:25.131 DEBUG [main] [io.netty.buffer.PooledByteBufAllocator.<clinit>(PooledByteBufAllocator.java:158)] - -Dio.netty.allocator.numDirectArenas: 8
2022-10-03 19:37:25.132 DEBUG [main] [io.netty.buffer.PooledByteBufAllocator.<clinit>(PooledByteBufAllocator.java:160)] - -Dio.netty.allocator.pageSize: 8192
2022-10-03 19:37:25.132 DEBUG [main] [io.netty.buffer.PooledByteBufAllocator.<clinit>(PooledByteBufAllocator.java:165)] - -Dio.netty.allocator.maxOrder: 9
2022-10-03 19:37:25.132 DEBUG [main] [io.netty.buffer.PooledByteBufAllocator.<clinit>(PooledByteBufAllocator.java:169)] - -Dio.netty.allocator.chunkSize: 4194304
2022-10-03 19:37:25.132 DEBUG [main] [io.netty.buffer.PooledByteBufAllocator.<clinit>(PooledByteBufAllocator.java:170)] - -Dio.netty.allocator.smallCacheSize: 256
2022-10-03 19:37:25.132 DEBUG [main] [io.netty.buffer.PooledByteBufAllocator.<clinit>(PooledByteBufAllocator.java:171)] - -Dio.netty.allocator.normalCacheSize: 64
2022-10-03 19:37:25.132 DEBUG [main] [io.netty.buffer.PooledByteBufAllocator.<clinit>(PooledByteBufAllocator.java:172)] - -Dio.netty.allocator.maxCachedBufferCapacity: 32768
2022-10-03 19:37:25.132 DEBUG [main] [io.netty.buffer.PooledByteBufAllocator.<clinit>(PooledByteBufAllocator.java:173)] - -Dio.netty.allocator.cacheTrimInterval: 8192
2022-10-03 19:37:25.132 DEBUG [main] [io.netty.buffer.PooledByteBufAllocator.<clinit>(PooledByteBufAllocator.java:174)] - -Dio.netty.allocator.cacheTrimIntervalMillis: 0
2022-10-03 19:37:25.133 DEBUG [main] [io.netty.buffer.PooledByteBufAllocator.<clinit>(PooledByteBufAllocator.java:175)] - -Dio.netty.allocator.useCacheForAllThreads: false
2022-10-03 19:37:25.133 DEBUG [main] [io.netty.buffer.PooledByteBufAllocator.<clinit>(PooledByteBufAllocator.java:176)] - -Dio.netty.allocator.maxCachedByteBuffersPerChunk: 1023
2022-10-03 19:37:25.142 DEBUG [main] [io.netty.buffer.ByteBufUtil.<clinit>(ByteBufUtil.java:87)] - -Dio.netty.allocator.type: pooled
2022-10-03 19:37:25.143 DEBUG [main] [io.netty.buffer.ByteBufUtil.<clinit>(ByteBufUtil.java:96)] - -Dio.netty.threadLocalDirectBufferSize: 0
2022-10-03 19:37:25.143 DEBUG [main] [io.netty.buffer.ByteBufUtil.<clinit>(ByteBufUtil.java:99)] - -Dio.netty.maxThreadLocalCharBufferSize: 16384
2022-10-03 19:37:25.955 DEBUG [Forwarding newSession on session null to remote] [io.netty.channel.DefaultChannelId.<clinit>(DefaultChannelId.java:79)] - -Dio.netty.processId: 15004 (auto-detected)
2022-10-03 19:37:25.958 DEBUG [Forwarding newSession on session null to remote] [io.netty.util.NetUtil.<clinit>(NetUtil.java:136)] - -Djava.net.preferIPv4Stack: false
2022-10-03 19:37:25.958 DEBUG [Forwarding newSession on session null to remote] [io.netty.util.NetUtil.<clinit>(NetUtil.java:137)] - -Djava.net.preferIPv6Addresses: false
2022-10-03 19:37:26.015 DEBUG [Forwarding newSession on session null to remote] [io.netty.util.NetUtilInitializations.determineLoopback(NetUtilInitializations.java:129)] - Loopback interface: lo (Software Loopback Interface 1, 127.0.0.1)
2022-10-03 19:37:26.017 DEBUG [Forwarding newSession on session null to remote] [io.netty.util.NetUtil$SoMaxConnAction.run(NetUtil.java:191)] - Failed to get SOMAXCONN from sysctl and file \proc\sys\net\core\somaxconn. Default: 200
2022-10-03 19:37:26.073 DEBUG [Forwarding newSession on session null to remote] [io.netty.channel.DefaultChannelId.<clinit>(DefaultChannelId.java:101)] - -Dio.netty.machineId: 1c:1b:0d:ff:fe:3f:24:5c (auto-detected)
2022-10-03 19:37:26.118 DEBUG [AsyncHttpClient-1-2] [io.netty.buffer.AbstractByteBuf.<clinit>(AbstractByteBuf.java:63)] - -Dio.netty.buffer.checkAccessible: true
2022-10-03 19:37:26.119 DEBUG [AsyncHttpClient-1-2] [io.netty.buffer.AbstractByteBuf.<clinit>(AbstractByteBuf.java:64)] - -Dio.netty.buffer.checkBounds: true
2022-10-03 19:37:26.119 DEBUG [AsyncHttpClient-1-2] [io.netty.util.ResourceLeakDetectorFactory$DefaultResourceLeakDetectorFactory.newResourceLeakDetector(ResourceLeakDetectorFactory.java:196)] - Loaded default ResourceLeakDetector: io.netty.util.ResourceLeakDetector@b384ce4
2022-10-03 19:37:26.139 DEBUG [AsyncHttpClient-1-2] [io.netty.util.Recycler.<clinit>(Recycler.java:85)] - -Dio.netty.recycler.maxCapacityPerThread: 4096
2022-10-03 19:37:26.140 DEBUG [AsyncHttpClient-1-2] [io.netty.util.Recycler.<clinit>(Recycler.java:86)] - -Dio.netty.recycler.ratio: 8
2022-10-03 19:37:26.140 DEBUG [AsyncHttpClient-1-2] [io.netty.util.Recycler.<clinit>(Recycler.java:87)] - -Dio.netty.recycler.chunkSize: 32
2022-10-03 19:37:26.140 DEBUG [AsyncHttpClient-1-2] [io.netty.util.Recycler.<clinit>(Recycler.java:88)] - -Dio.netty.recycler.blocking: false
2022-10-03 19:37:26.949 DEBUG [AsyncHttpClient-1-2] [io.netty.handler.codec.compression.Brotli.<clinit>(Brotli.java:38)] - brotli4j not in the classpath; Brotli support will be unavailable.
2022-10-03 19:37:27.045 DEBUG [main] [io.netty.util.internal.ThreadLocalRandom.newSeed(ThreadLocalRandom.java:214)] - -Dio.netty.initialSeedUniquifier: 0x8244c50b9115254a
